9969 headwords read in
157 suffixes read in
loading data ... 
starting corpus processing
processed sentence 100
processed sentence 200
processed sentence 300
processed sentence 400
processed sentence 500
processed sentence 600
processed sentence 700
processed sentence 800
processed sentence 900
processed sentence 1000
processed sentence 1100
processed sentence 1200
processed sentence 1300
processed sentence 1400
processed sentence 1500
processed sentence 1600
processed sentence 1700
processed sentence 1800
processed sentence 1900
processed sentence 2000
processed sentence 2100
processed sentence 2200
processed sentence 2300
processed sentence 2400
processed sentence 2500
processed sentence 2600
processed sentence 2700
processed sentence 2800
processed sentence 2900
processed sentence 3000
processed sentence 3100
processed sentence 3200
processed sentence 3300
processed sentence 3400
processed sentence 3500
processed sentence 3600
processed sentence 3700
processed sentence 3800
processed sentence 3900
processed sentence 4000
processed sentence 4100
processed sentence 4200
processed sentence 4300
processed sentence 4400
processed sentence 4500
processed sentence 4600
processed sentence 4700
processed sentence 4800
processed sentence 4900
processed sentence 5000
processed sentence 5100
processed sentence 5200
processed sentence 5500
processed sentence 5600
processed sentence 5700
processed sentence 5900
processed sentence 6000
processed sentence 6200
processed sentence 6300
processed sentence 6400
processed sentence 6600
processed sentence 6700
processed sentence 6800
processed sentence 6900
processed sentence 7000
processed sentence 7100
processed sentence 7200
processed sentence 7300
244255 word corpus read in
saving data ... 
./kollok-cm.pl    complete
9969 headwords read in
157 suffixes read in
loading data ... 
starting corpus processing
processed sentence 100
processed sentence 200
processed sentence 300
processed sentence 400
processed sentence 500
processed sentence 600
processed sentence 700
processed sentence 800
processed sentence 900
processed sentence 1000
processed sentence 1100
processed sentence 1200
processed sentence 1300
processed sentence 1400
processed sentence 1500
processed sentence 1600
processed sentence 1700
processed sentence 1800
processed sentence 1900
processed sentence 2000
processed sentence 2100
processed sentence 2200
processed sentence 2300
processed sentence 2400
processed sentence 2500
processed sentence 2600
processed sentence 2700
processed sentence 2800
processed sentence 2900
processed sentence 3000
processed sentence 3100
processed sentence 3200
processed sentence 3300
processed sentence 3400
processed sentence 3500
processed sentence 3600
processed sentence 3700
processed sentence 3800
processed sentence 3900
processed sentence 4000
processed sentence 4100
processed sentence 4200
processed sentence 4300
processed sentence 4400
processed sentence 4500
processed sentence 4600
processed sentence 4700
processed sentence 4800
processed sentence 4900
processed sentence 5000
processed sentence 5100
processed sentence 5200
processed sentence 5500
processed sentence 5600
processed sentence 5700
processed sentence 5900
processed sentence 6000
processed sentence 6200
processed sentence 6300
processed sentence 6400
processed sentence 6600
processed sentence 6700
processed sentence 6800
processed sentence 6900
processed sentence 7000
processed sentence 7100
processed sentence 7200
processed sentence 7300
261455 word corpus read in
saving data ... 
./kollok-cm.pl    complete
9291 headwords read in
157 suffixes read in
loading data ... 
starting corpus processing
processed sentence 100
processed sentence 200
processed sentence 300
processed sentence 400
processed sentence 500
processed sentence 600
processed sentence 700
processed sentence 800
processed sentence 900
processed sentence 1000
processed sentence 1100
processed sentence 1200
processed sentence 1300
processed sentence 1400
processed sentence 1500
processed sentence 1600
processed sentence 1700
processed sentence 1800
processed sentence 1900
processed sentence 2000
processed sentence 2100
processed sentence 2200
processed sentence 2300
processed sentence 2400
processed sentence 2500
processed sentence 2600
processed sentence 2700
processed sentence 2800
processed sentence 2900
processed sentence 3000
processed sentence 3100
processed sentence 3200
processed sentence 3300
processed sentence 3400
processed sentence 3500
processed sentence 3600
processed sentence 3700
processed sentence 3800
processed sentence 3900
processed sentence 4000
processed sentence 4100
processed sentence 4200
processed sentence 4300
processed sentence 4400
processed sentence 4500
processed sentence 4600
processed sentence 4700
processed sentence 4800
processed sentence 4900
processed sentence 5000
processed sentence 5100
processed sentence 5200
9291 headwords read in
157 suffixes read in
loading data ... 
starting corpus processing
processed sentence 100
processed sentence 200
processed sentence 300
processed sentence 400
processed sentence 500
processed sentence 600
processed sentence 700
processed sentence 800
processed sentence 900
processed sentence 1000
processed sentence 1100
processed sentence 1200
processed sentence 1300
processed sentence 1400
processed sentence 1500
processed sentence 1600
processed sentence 1700
processed sentence 1800
processed sentence 1900
processed sentence 2000
processed sentence 2100
processed sentence 2200
processed sentence 2300
processed sentence 2400
processed sentence 2500
processed sentence 2600
processed sentence 2700
processed sentence 2800
processed sentence 2900
processed sentence 3000
processed sentence 3100
processed sentence 3200
processed sentence 3300
processed sentence 3400
processed sentence 3500
processed sentence 3600
processed sentence 3700
processed sentence 3800
processed sentence 3900
processed sentence 4000
processed sentence 4100
processed sentence 4200
processed sentence 4300
processed sentence 4400
processed sentence 4500
processed sentence 4600
processed sentence 4700
processed sentence 4800
processed sentence 4900
processed sentence 5000
processed sentence 5100
processed sentence 5200
processed sentence 5500
processed sentence 5600
processed sentence 5700
processed sentence 5900
processed sentence 6000
processed sentence 6200
processed sentence 6300
processed sentence 6400
processed sentence 6600
processed sentence 6700
processed sentence 6800
processed sentence 6900
processed sentence 7000
processed sentence 7100
processed sentence 7200
processed sentence 7300
261455 word corpus read in
saving data ... 
./kollok-cm.pl    complete
