AGX#purrulyi
AGY#puturlu
AGZ#puyukuyuku
AHA#ramarra
AHB#rdupa
AHC#rillyi
AHD#rlanga
AHE#rlinji
AHF#rrarri
AHG#runyu
AHH#rurrpa
AHI#tari
AHJ#tarntu
AHK#tiyitiyi
AHL#tururru
AHM#waarlwaarlluwarni
AHN#waarpa
AHO#wajarnpi
AHP#walyi
AHQ#walyurru
AHR#wanapi
AHS#wangkami
AHT#wangurla
AHU#wanta
AHV#wantungki
AHW#wanukurru
AHX#wanywanymanu
AHY#wapami
AHZ#wapangungku
AIA#warlungka
AIB#warraji
AIC#warrana
AID#warriyi
AIE#warru
AIF#warrura
AIG#wati
AIH#watirli
AII#wawirri
AIJ#wiinywinypa
AIK#wililmardani
AIL#winpiri
AIM#winpirri
AIN#winywinymanu
AIO#wirlinyi
AIP#wirriya
AIQ#wita
AIR#wulampi
AIS#wulura
AIT#wunguwarnu
AIU#wurlpuwurlpupinpa
AIV#wurnturu
AIW#wurra
AIX#wurrinpa
AIY#wuulywuulypa
AIZ#wuurrwuurrwankami
AJA#wuyarli
AJB#yalyu
AJC#yama
AJD#yaninjuku
AJE#yanma
AJF#yapa
AJG#yaparla
AJH#yardapi
AJI#yartura
AJJ#yawaki
AJK#yijuku
AJL#yimi
AJM#yimurru
AJN#yinjinmari
AJO#yinjirri
AJP#yinka
AJQ#yipari
AJR#yiri
AJS#yirnpani
AJT#yirrinji
AJU#yitakimani
AJV#yungalpa
AJW#yunkurrmu
AJX#yunpaka
AJY#yurljyujyu
AJZ#yurnkurnu
AAA#jaja
AAB#jalangpa
AAC#jamaru
AAD#jampijinpa
AAE#jamurda
AAF#jankayi
AAG#janyungu
AAH#jarda
AAI#jardalyku
AAJ#jardawara
AAK#jarlji
AAL#jarlu
AAM#jarnku
AAN#jiilyngarrani
AAO#jiilyngarrinu
AAP#jiliki
AAQ#jilimi
AAR#jilkarla
AAS#jimanta
AAT#jinampijini
AAU#jintajintalpa
AAV#jukurra
AAW#jukurrmani
AAX#jukurrpa
AAY#julyurlwantami
AAZ#jumu
ABA#jungunpa
ABB#junpa
ABC#jurdu
ABD#juurlpu
ABE#juutpungu
ABF#kaki
ABG#kalangu
ABH#kalwa
ABI#kalyakalya
ABJ#kamina
ABK#kaninjarra
ABL#kaninykarri
ABM#kanparru
ABN#kanyarla
ABO#kapanku
ABP#kapu
ABQ#kardaku
ABR#karlarnjirri
ABS#karlirryani
ABT#karnari
ABU#karnta
ABV#katarlpi
ABW#katirri
ABX#kilji
ABY#kinki
ABZ#kintangi
ACA#kinyirri
ACB#kirlkirlilpa
ACC#kitikiti
ACD#kukurnu
ACE#kulkurru
ACF#kulpari
ACG#kulpukulpu
ACH#kultu
ACI#kulu
ACJ#kuparu
ACK#kurdu
ACL#kurnja
ACM#kurrkara
ACN#kurrpkara
ACO#kutu
ACP#kuturru
ACQ#kuunykuunyngarri
ACR#kuurlpari
ACS#kuurrkurrpa
ACT#kuyu
ACU#lampurrnyinami
ACV#lapaji
ACW#larra
ACX#lirra
ACY#luku
ACZ#luwa
ADA#makirri
ADB#maliki
ADC#mangirri
ADD#manja
ADE#manjarnmanjarnpa
ADF#manya
ADG#marlkalypa
ADH#marnakiji
ADI#marnilpa
ADJ#maru
ADK#mata
ADL#maya
ADM#mba
ADN#mijilijili
ADO#milkarri
ADP#milpirri
ADQ#mimi
ADR#mina
ADS#mintapa
ADT#minyminymani
ADU#mirdi
ADV#mirriji
ADW#mirta
ADX#miyalu
ADY#miyiki
ADZ#mukarti
AEA#mulyu
AEB#mumpulymumpulyyirrani
AEC#munga
AED#murrku
AEE#murrpa
AEF#murru
AEG#nama
AEH#namarrkarrimi
AEI#nantuwu
AEJ#napalkarri
AEK#narrmani
AEL#ngaanyngaanykijini
AEM#ngaka
AEN#ngalya
AEO#ngalyipi
AEP#ngama
AEQ#nganjurrngu
AER#ngantalku
AES#ngapa
AET#ngapulu
AEU#ngarlali
AEV#ngarni
AEW#ngarrka
AEX#ngiji
AEY#nguku
AEZ#ngula
AFA#ngunarrayi
AFB#ngurrju
AFC#ngurrpa
AFD#nini
AFE#nyakulyka
AFF#nyanyi
AFG#nyarringa
AFH#nyawu
AFI#nyawurru
AFJ#nyina
AFK#nyinpa
AFL#nyinya
AFM#nyinypa
AFN#nyurltunyurltu
AFO#nyurru
AFP#nyurruwi
AFQ#nyuturrunyuturrpa
AFR#paarrparrirni
AFS#palyka
AFT#pama
AFU#pampa
AFV#panma
AFW#panu
AFX#pararri
AFY#pardani
AFZ#parduna
AGA#parla
AGB#parlja
AGC#parnkami
AGD#parnpurru
AGE#parra
AGF#parraja
AGG#parrparda
AGH#partari
AGI#pawani
AGJ#pikirri
AGK#pilja
AGL#pina
AGM#pingka
AGN#pinpinpa
AGO#pinyi
AGP#pira
AGQ#pirli
AGR#puka
AGS#puluku
AGT#pungu
AGU#punku
AGV#purdurru
AGW#purlka
