jiilyngarrinu	not used in dictionary
jintajintalpa	not used in dictionary
jirrnganja-karri	not used in dictionary
juurl-juurl-pungu	not used in dictionary
kalangu	not used in dictionary
kaninykarri	not used in dictionary
kanparru	not used in dictionary
kardaku	not used in dictionary
katirri	not used in dictionary
kirlkirlilpa	not used in dictionary
kulpukulpu	not used in dictionary
kuparu	not used in dictionary
kurrpkara	not used in dictionary
kuturru	not used in dictionary
kuurrkuurrpa	not used in dictionary
lampurrnyinami	not used in dictionary
luwa	not used in dictionary
makirri	not used in dictionary
mangirri	not used in dictionary
mba	not used in dictionary
namarrkarrimi	not used in dictionary
napalkarri	not used in dictionary
narrmani	not used in dictionary
ngaanyngaanykijini	not used in dictionary
ngantalku	not used in dictionary
ngarlali	not used in dictionary
ngunarrayi	not used in dictionary
nyakulyka	not used in dictionary
nyarringa	not used in dictionary
nyawu	not used in dictionary
nyinga	not used in dictionary
nyinya	not used in dictionary
nyurruwi	not used in dictionary
nyuturrunyuturrpa	not used in dictionary
paarrparrirni	not used in dictionary
pardani	not used in dictionary
parnpurru	not used in dictionary
pungu	not used in dictionary
purrulyi	not used in dictionary
rillyi	not used in dictionary
rlanga	not used in dictionary
rlinji	not used in dictionary
rrarri	not used in dictionary
runyu	not used in dictionary
tarntu	not used in dictionary
tururru-2	not used in dictionary
waarlwaarl_luwarni	not used in dictionary
walyurru	not used in dictionary
wantungki	not used in dictionary
wanukurru	not used in dictionary
wanywanymanu	not used in dictionary
warlungka	not used in dictionary
warriyi	not used in dictionary
wililmardani	not used in dictionary
winywinymanu	not used in dictionary
wulura	not used in dictionary
wurlpuwurlpupinpa	not used in dictionary
wuurrwuurrwankami	not used in dictionary
wuyarli	not used in dictionary
yardapi	not used in dictionary
yinjinmari	not used in dictionary
yinjirri	not used in dictionary
yipari	not used in dictionary
yunpaka	not used in dictionary
