jajina	mulgara.jpg	
jalarlanypinyi	dingotr.jpg:tracks	
jalkarrara	litspot.jpg:snake	
jamparli	wbrown.jpg:brown snake	kingbrn.jpg:king brown	kingbrn.jpg:king brown snake	litspot.jpg:snake	
jamurungurru	dog.jpg	
janjinki	acacia.jpg	
janjirnngi	acacia.jpg	
jarlji	frog1.jpg:frog	frog2.jpg:frog	
jarlparrpa	tomato.jpg	
jarlupala	litspot.jpg:snake	
jarntu	dog.jpg	
jarrarlpajarra	dingotr.jpg:tracks	
jawartinyungu	sunrise.jpg:morning	
jijardu	sunrise.jpg:morning	
jikaya	sunrise.jpg:lake	
jirripirdi	emu.jpg:bird	
jirtardu	sunrise.jpg:morning	
jiwari	sunrise.jpg:lake	
jiyikipanturnu	emu.jpg:bird	
jukurrajukurra	sunrise.jpg:morning	
jungamani	dingotr.jpg:tracks	
junyukupari	wombat.jpg:lazy	
jurlpu	emu.jpg:bird	
jurnma	spechare.jpg:wallaby	
jurruru	emu.jpg:bird	
kampardungku	emu.jpg:bird	
kampurarrpa	raisin.jpg	
kanaparlku	acacia.jpg	
kanjirtirirtiri	dingotr.jpg:tracks	
kankulyuralyura	litspot.jpg:snake	
kanyarla	spechare.jpg:wallaby	
kararrpa	raisin.jpg	
karnpi	emu.jpg	
karrirdi	emu.jpg	
kartajalapurru	emu.jpg:bird	
karturu	raisin.jpg	
kijikiji	litspot.jpg:snake	
kijitarratarra	emu.jpg:bird	emu.jpg:bird	
kirlipi	banana.jpg	
kulkulkanyi	emu.jpg:bird	
kuluwarri	spechare.jpg:wallaby	
kumpupaja	tomato.jpg	
kurlaparnta	tomato.jpg	
kurluparri	mdragon.jpg:military dragon	
kurrurlkurrurlpa	frogmouth.jpg	
kururrungu	spechare.jpg:wallaby	
laparda	sunrise.jpg:morning	
layilayi	beech.jpg:leaves	
lingka	wbrown.jpg:brown snake	kingbrn.jpg:king brown	kingbrn.jpg:king brown snake	litspot.jpg:snake	
lirlirlimani	beech.jpg:leaves	
lirralirra	emu.jpg:bird	
liwanja	lungfish.jpg:fish	
mala	spechare.jpg:wallaby	
maliki	dog.jpg	
malilyi	woma.jpg	
mamapurunpa	emu.jpg:bird	
mangkaja	beech.jpg:leaves	
mangkuru	sunrise.jpg:lake	
manirtirrpirtirrpi	emu.jpg:bird	
mantikarri	litspot.jpg:snake	
marluri	sunrise.jpg:lake	
marnangkatari	dingotr.jpg:tracks	
marnikijipurrangu	litspot.jpg:snake	
marrajilpirli	emu.jpg:bird	
marraka	emu.jpg:bird	
minija	fercattr.jpg:feral cat	
mirntangali	sunrise.jpg:morning	
muluwurru	sunrise.jpg:lake	
mungalyurru	sunrise.jpg:morning	
mungalyurrumungalyurru	sunrise.jpg	
murlkukari	banana.jpg	
murlupupu	emu.jpg:bird	
nalija	beech.jpg:leaves	
nalyurralyurru	emu.jpg:bird	
ngakaparla	banana.jpg	
nganayikirli	emu.jpg:bird	
nganjawarli	tomato.jpg	
ngapalyilyi	beech.jpg:green leaves	beech.jpg:leaves	
ngardanykinyingarnu	emu.jpg:bird	
ngardarri	emu.jpg	
ngardurrkura	acacia.jpg	
ngarlarra	frog1.jpg:frog	frog2.jpg:frog	
ngarlurrpu	emu.jpg	
ngarnngi	frog1.jpg:frog	frog2.jpg:frog	
ngatijirrimukungarnu	litspot.jpg:snake	
ngatu	diggerie.jpg:didgeridoo	
ngawininyi	woma.jpg	
ngayaki	tomato.jpg	
ngirnti	lungfish.jpg:fish	
nguri	frogmouth.jpg	
ngurnkurrpa	emu.jpg	emu.jpg	
ngurnkurrmani	emu.jpg	
ngurnngurnpa	spechare.jpg:wallaby	
nyarawu	emu.jpg:bird	
palyku	litspot.jpg:snake	
pampu	diggerie.jpg:didgeridoo	
panja	beech.jpg:leaves	
papapapa	emu.jpg	
papapapamani	emu.jpg	
parntaparnta	emu.jpg	
parraparrarla	sunrise.jpg	
parrarlpantirni	sunrise.jpg:dawn	
parrarlparrarlpa	sunrise.jpg:dawn	
parrka	beech.jpg:leaves	
piinypiinypa	emu.jpg:bird	
pirlarrpa	lizards.jpg	
pirntina	woma.jpg	
pulykutarlutarlu	wombat.jpg:lazy	
purrputuru	banana.jpg	
purruparnta	frog1.jpg:frog	frog2.jpg:frog	
rangkarrpa	sunrise.jpg:dawn	sunrise.jpg:dawn	
rangkarrkanyi	sunrise.jpg:dawn	
rangkarrkurlu	sunrise.jpg:dawn	
rangkarrpinyi	sunrise.jpg:dawn	
rangkarrrangkarryunparni	sunrise.jpg:dawn	
rarlurarlukarrimi	litspot.jpg:snake	
rdakawangu	wombat.jpg:lazy	
tarnpimi	dingotr.jpg:tracks	
turruku	emu.jpg:bird	
wakulyarri	spechare.jpg:wallaby	
walpajirri	bilby.jpg	
wampana	spechare.jpg:wallaby	
wanakiji	tomato.jpg	
wangkungawurrpa	spechare.jpg:wallaby	
wanguwangu	dog.jpg	
wantajiirlpa	sunrise.jpg:sunset	
wanta kakarrara	sunrise.jpg:morning	
wanta yukanya	sunrise.jpg:sunset	
wanya	emu.jpg	
waralkupalipali	emu.jpg:bird	
wararrkuparnkami	litspot.jpg:snake	
wardarranji	frog1.jpg:frog	frog2.jpg:frog	
waripakarnu	litspot.jpg:snake	
waripirrapirra	litspot.jpg:snake	
warlinywantimi	litspot.jpg:snake	
warlkurrmani	dog.jpg	
warna	litspot.jpg:snake	
warnakurlkurlpa	litspot.jpg:snake	
warnapari	dingo.jpg	dog.jpg	dingotr.jpg:dingo	
warnayarra	litspot.jpg:snake	
warrkarni	emu.jpg:bird	
watiyawarnu	acacia.jpg	
wilangarna	emu.jpg:bird	
wirlinyanyi	dingotr.jpg:tracks	
wirlinyinami	dingotr.jpg:tracks	
wirliji	spechare.jpg:wallaby	
wirliyajinta	dingotr.jpg:tracks	
wirnkiwarnu	dingo.jpg	dog.jpg	dingotr.jpg:dingo	
wurajiwuraji	sunrise.jpg:sunset	
wuulywuulypa	sunrise.jpg:sunset	
wuyurrwangkami	emu.jpg:bird	
yakalpa	emu.jpg	
yaku	lungfish.jpg:fish	
yalupu	acacia.jpg	
yalypinjiyalypinji	litspot.jpg:snake	
yamakarlarra	sunrise.jpg	
yamarri	spechare.jpg:wallaby	
yanakirri	frog1.jpg:frog	frog2.jpg:frog	
yangardurrku	banana.jpg	
yanjalka	beech.jpg:leaves	
yankirri	emu.jpg	
yantarlarangi	sunrise.jpg:morning	
yaparruralya	emu.jpg	
yapurnu	sunrise.jpg:lake	
yarla	sunrise.jpg:morning	
yarlarra	frog1.jpg:frog	frog2.jpg:frog	
yarranji	litspot.jpg:snake	
yawu	lungfish.jpg:fish	
yilyanypa	beech.jpg:leaves	
yimarra	acacia.jpg	
yinirntikingatinyanu	litspot.jpg:snake	
yinkilpa	wombat.jpg:lazy	
yirrapinyi	dog.jpg	
yirrikijirni	dog.jpg	
yirripinyi	dog.jpg	
yirrpinngi	lungfish.jpg:fish	
yitakimani	dingotr.jpg:tracks	
yukarlpi	spechare.jpg:wallaby	
yulingkingunami	wombat.jpg:lazy	
yulingkinyinami	wombat.jpg:lazy	
yulkaminyi	spechare.jpg:wallaby	
yulukutaritari	emu.jpg:bird	
yungulparli	litspot.jpg:snake	
yuntalypirri	wombat.jpg:lazy	
yuparli	banana.jpg	
yurdukuku	dog.jpg	
yurnturrngu	banana.jpg	
yurukurra	dingotr.jpg:tracks	
yutajiti	sunrise.jpg:morning	
