jaantarrkarrimi	frog1.jpg:fat	
jajina	mulgara.jpg	
jalarlanypinyi	dingotr.jpg:tracks	fercattr.jpg:tracks	
jalkarrara	litspot.jpg:snake	
jalupa	mdragon.jpg:lizard	ctenotus.jpg:lizard	
jalyakurlu	frog1.jpg:fat	
jalyirrpa	eucalyptus.jpg:branches	
jamankurla	mdragon.jpg:lizard	ctenotus.jpg:lizard	
jamparli	wbrown.jpg:brown snake	kingbrn.jpg:king brown	kingbrn.jpg:king brown snake	litspot.jpg:snake	
jamurungurru	dog.jpg	
jangalarnti	mulgara.jpg:mouse	spinhopm.jpg:mouse	ringaui.jpg:mouse	
janjinki	acacia.jpg	
janjirnngi	acacia.jpg	
jara	frog1.jpg:fat	
jarlji	frog1.jpg:frog	frog2.jpg:frog	
jarlparrpa	tomato.jpg	
jarlupala	litspot.jpg:snake	
jarntu	dog.jpg	
jarrarlpajarra	dingotr.jpg:tracks	fercattr.jpg:tracks	
jawartinyungu	sunrise.jpg:morning	
jiilyjiilyjankami	frog1.jpg:fat	
jijardu	sunrise.jpg:morning	
jikaya	capeyork.jpg:sea	barrierreef.jpg:sea	sunrise.jpg:lake	
jilijili	mdragon.jpg:lizard	ctenotus.jpg:lizard	
jilyirrki	frog1.jpg:fat	
jilyirrjilyirrpa	frog1.jpg:fat	
jirripirdi	frogmouth.jpg:bird	emu.jpg:bird	kookaburra.jpg:bird	
jirtardu	sunrise.jpg:morning	
jiwari	sunrise.jpg:lake	
jiyikipanturnu	frogmouth.jpg:bird	lyrebird.jpg:bird 	emu.jpg:bird	kookaburra.jpg:bird	
jukurrajukurra	sunrise.jpg:morning	
julurliya	mdragon.jpg:lizard	ctenotus.jpg:lizard	
jungamani	dingotr.jpg:tracks	fercattr.jpg:tracks	
jungunypa	mulgara.jpg:mouse	spinhopm.jpg:mouse	ringaui.jpg:mouse	
junyukupari	wombat.jpg:lazy	
jurlpu	frogmouth.jpg:bird	emu.jpg:bird	kookaburra.jpg:bird	
jurnma	spechare.jpg:wallaby	
jurruru	frogmouth.jpg:bird	lyrebird.jpg:bird 	emu.jpg:bird	kookaburra.jpg:bird	
kakardakakarda	eucalyptus.jpg:branches	
kamanyarrpa	woma.jpg:python	
kampardungku	frogmouth.jpg:bird	lyrebird.jpg:bird 	emu.jpg:bird	kookaburra.jpg:bird	
kampurarrpa	raisin.jpg	
kanakarlumpayi	mulgara.jpg:mouse	spinhopm.jpg:mouse	frog1.jpg:fat	ringaui.jpg:mouse	
kanaparlku	acacia.jpg	
kanjirtirirtiri	dingotr.jpg:tracks	fercattr.jpg:tracks	
kankulyuralyura	litspot.jpg:snake	
kanyarla	spechare.jpg:wallaby	
kararrpa	raisin.jpg	
karnpi	emu.jpg	frog1.jpg:fat	
karrirdi	emu.jpg	
kartajalapurru	frogmouth.jpg:bird	lyrebird.jpg:bird 	emu.jpg:bird	kookaburra.jpg:bird	
karturu	raisin.jpg	
kawuruwuru	mdragon.jpg:lizard	ctenotus.jpg:lizard	
kijikiji	litspot.jpg:snake	
kijitarratarra	frogmouth.jpg:bird	lyrebird.jpg:bird 	emu.jpg:bird	kookaburra.jpg:bird	frogmouth.jpg:bird	lyrebird.jpg:bird 	emu.jpg:bird	kookaburra.jpg:bird	
kilki	mdragon.jpg:lizard	ctenotus.jpg:lizard	
kilpirlikilpirli	eucalyptus.jpg:branches	
kipili	frog1.jpg:fat	
kipirrkipirrpa	frog1.jpg:fat	
kiranykiranypa	mdragon.jpg:lizard	ctenotus.jpg:lizard	
kirlipi	banana.jpg	
kulkulkanyi	frogmouth.jpg:bird	emu.jpg:bird	kookaburra.jpg:bird	
kuluwarri	spechare.jpg:wallaby	
kumpupaja	tomato.jpg	
kunapumpupari	frog1.jpg:fat	
kuntukuntu	frog1.jpg:fat	
kurlaparnta	tomato.jpg	
kurlkarlkangarnu	mdragon.jpg:lizard	ctenotus.jpg:lizard	
kurluparri	mdragon.jpg:military dragon	
kurrurlkurrurlpa	frogmouth.jpg	
kururrungu	spechare.jpg:wallaby	
laparda	sunrise.jpg:morning	
layilayi	beech.jpg:leaves	
lingka	wbrown.jpg:brown snake	kingbrn.jpg:king brown	kingbrn.jpg:king brown snake	litspot.jpg:snake	
lirlirlimani	beech.jpg:leaves	
lirralirra	frogmouth.jpg:bird	lyrebird.jpg:bird 	emu.jpg:bird	kookaburra.jpg:bird	
liwanja	lungfish.jpg:fish	
liwirringki	mdragon.jpg:lizard	ctenotus.jpg:lizard	
lungkarda	mdragon.jpg:lizard	ctenotus.jpg:lizard	
mala	spechare.jpg:wallaby	
maliki	dog.jpg	
malilyi	woma.jpg	
mamapurunpa	frogmouth.jpg:bird	lyrebird.jpg:bird 	emu.jpg:bird	kookaburra.jpg:bird	
manamparra	frog1.jpg:fat	
mangkaja	eucalyptus.jpg:branches	beech.jpg:leaves	
mangkuru	sunrise.jpg:lake	
manirtirrpirtirrpi	frogmouth.jpg:bird	emu.jpg:bird	kookaburra.jpg:bird	
mantikarri	litspot.jpg:snake	
marluri	sunrise.jpg:lake	
marnangkatari	dingotr.jpg:tracks	fercattr.jpg:tracks	
marnikijipurrangu	litspot.jpg:snake	
marrajilpirli	frogmouth.jpg:bird	lyrebird.jpg:bird 	emu.jpg:bird	kookaburra.jpg:bird	
marraka	frogmouth.jpg:bird	emu.jpg:bird	kookaburra.jpg:bird	
milwayi	woma.jpg:python	
milyirtiri	mdragon.jpg:lizard	ctenotus.jpg:lizard	
minija	fercattr.jpg:feral cat	
minini	mulgara.jpg:mouse	spinhopm.jpg:mouse	ringaui.jpg:mouse	
mirntangali	sunrise.jpg:morning	
mukurulypamukurulypa	woma.jpg:python	
muluwurru	sunrise.jpg:lake	
mulyukuna	woma.jpg:python	
mungalyurru	sunrise.jpg:morning	
mungalyurrumungalyurru	sunrise.jpg	
murlkukari	banana.jpg	
murlupupu	frogmouth.jpg:bird	lyrebird.jpg:bird 	emu.jpg:bird	kookaburra.jpg:bird	
muwurrwurrpa	beech.jpg:leaves	
nalija	beech.jpg:leaves	
nalyurralyurru	frogmouth.jpg:bird	lyrebird.jpg:bird 	emu.jpg:bird	kookaburra.jpg:bird	
ngakaparla	banana.jpg	
nganayikirli	frogmouth.jpg:bird	lyrebird.jpg:bird 	emu.jpg:bird	kookaburra.jpg:bird	
nganjawarli	tomato.jpg	
ngapalyilyi	beech.jpg:green leaves	beech.jpg:leaves	
ngapulakirdankirdanpa	mdragon.jpg:lizard	ctenotus.jpg:lizard	
ngardanykinyingarnu	frogmouth.jpg:bird	emu.jpg:bird	kookaburra.jpg:bird	
ngardarri	emu.jpg	
ngardurrkura	acacia.jpg	
ngarlarra	frog1.jpg:frog	frog2.jpg:frog	
ngarlurrpu	emu.jpg	
ngarnngi	frog1.jpg:frog	frog2.jpg:frog	
ngatijirrimukungarnu	litspot.jpg:snake	
ngatu	diggerie.jpg:didgeridoo	
ngawininyi	woma.jpg	
ngawurrupunju	mdragon.jpg:lizard	ctenotus.jpg:lizard	
ngayaki	tomato.jpg	
ngintirrki	frog1.jpg:fat	
ngintirrpari	frog1.jpg:fat	
ngirnti	lungfish.jpg:fish	
nguri	frogmouth.jpg	
ngurnkurrpa	emu.jpg	emu.jpg	
ngurnkurrmani	emu.jpg	
ngurnngurnpa	spechare.jpg:wallaby	
nyarawu	frogmouth.jpg:bird	emu.jpg:bird	kookaburra.jpg:bird	
palyku	litspot.jpg:snake	
pampu	diggerie.jpg:didgeridoo	
panja	eucalyptus.jpg:branches	beech.jpg:leaves	
papapapa	emu.jpg	
papapapamani	emu.jpg	
parla	eucalyptus.jpg:branches	
parlpirrpari	eucalyptus.jpg:branches	
parntaparnta	emu.jpg	
parraparrarla	sunrise.jpg	
parrarlpantirni	sunrise.jpg:dawn	
parrarlparrarlpa	sunrise.jpg:dawn	
parrka	eucalyptus.jpg:branches	beech.jpg:leaves	
piinypiinypa	frogmouth.jpg:bird	lyrebird.jpg:bird 	emu.jpg:bird	kookaburra.jpg:bird	
pirlarrpa	lizards.jpg	
pirntina	woma.jpg	
pulykutarlutarlu	wombat.jpg:lazy	
purlara	frog1.jpg:fat	
purrputuru	banana.jpg	
purruparnta	frog1.jpg:frog	frog2.jpg:frog	
rangkarrpa	sunrise.jpg:dawn	sunrise.jpg:dawn	
rangkarrkanyi	sunrise.jpg:dawn	
rangkarrkurlu	sunrise.jpg:dawn	
rangkarrpinyi	sunrise.jpg:dawn	
rangkarrrangkarryunparni	sunrise.jpg:dawn	
rarlurarlukarrimi	litspot.jpg:snake	
rdajalpa	woma.jpg:python	
rdaji	eucalyptus.jpg:branches	
rdakawangu	wombat.jpg:lazy	
tarnpimi	dingotr.jpg:tracks	fercattr.jpg:tracks	
turlkunwapami	frog1.jpg:fat	
turruku	frogmouth.jpg:bird	emu.jpg:bird	kookaburra.jpg:bird	
wakirdiwakirdi	eucalyptus.jpg:branches	
wakulyarri	spechare.jpg:wallaby	
walaya	capeyork.jpg:sea	barrierreef.jpg:sea	
walpajirri	bilby.jpg	
walpangkurra	mdragon.jpg:lizard	ctenotus.jpg:lizard	
wampana	spechare.jpg:wallaby	
wanakiji	tomato.jpg	
wangkungawurrpa	spechare.jpg:wallaby	
wanguwangu	dog.jpg	
wantajiirlpa	sunrise.jpg:sunset	
wanta	sunrise.jpg:morning	
wanta	sunrise.jpg:sunset	
wanya	emu.jpg	
waralkupalipali	frogmouth.jpg:bird	lyrebird.jpg:bird 	emu.jpg:bird	kookaburra.jpg:bird	
wararrkuparnkami	litspot.jpg:snake	
wardarranji	frog1.jpg:frog	frog2.jpg:frog	
waripakarnu	litspot.jpg:snake	
waripirrapirra	litspot.jpg:snake	
warlinywantimi	litspot.jpg:snake	
warlkurrmani	dog.jpg	
warna	litspot.jpg:snake	
warnakurlkurlpa	mdragon.jpg:lizard	litspot.jpg:snake	ctenotus.jpg:lizard	
warnapari	dingo.jpg	dog.jpg	dingotr.jpg:dingo	
warnayarra	litspot.jpg:snake	
warraparnu	mdragon.jpg:lizard	ctenotus.jpg:lizard	
warrkarni	frogmouth.jpg:bird	emu.jpg:bird	kookaburra.jpg:bird	
warrpalypa	frog1.jpg:fat	frog1.jpg:fat	
watiyawarnu	acacia.jpg	
waturnkurdu	mulgara.jpg:mouse	spinhopm.jpg:mouse	ringaui.jpg:mouse	
wijala	mulgara.jpg:mouse	spinhopm.jpg:mouse	ringaui.jpg:mouse	
wijinpa	mdragon.jpg:lizard	ctenotus.jpg:lizard	
wijipardu	mulgara.jpg:mouse	spinhopm.jpg:mouse	ringaui.jpg:mouse	
wilangarna	frogmouth.jpg:bird	emu.jpg:bird	kookaburra.jpg:bird	
wirlinyanyi	dingotr.jpg:tracks	fercattr.jpg:tracks	
wirlinyinami	dingotr.jpg:tracks	fercattr.jpg:tracks	
wirliji	spechare.jpg:wallaby	
wirliyajinta	dingotr.jpg:tracks	fercattr.jpg:tracks	
wirlkingarnu	mdragon.jpg:lizard	ctenotus.jpg:lizard	
wirnkiwarnu	dingo.jpg	dog.jpg	dingotr.jpg:dingo	
wulyuwulyu	mulgara.jpg:mouse	spinhopm.jpg:mouse	ringaui.jpg:mouse	
wurajiwuraji	sunrise.jpg:sunset	
wuulywuulypa	sunrise.jpg:sunset	
wuyurrwangkami	frogmouth.jpg:bird	lyrebird.jpg:bird 	emu.jpg:bird	kookaburra.jpg:bird	
yakalpa	emu.jpg	
yaku	lungfish.jpg:fish	
yalupu	acacia.jpg	
yalypinjiyalypinji	mdragon.jpg:lizard	litspot.jpg:snake	ctenotus.jpg:lizard	
yamakarlarra	sunrise.jpg	
yamarri	spechare.jpg:wallaby	
yanakirri	frog1.jpg:frog	frog2.jpg:frog	
yangardurrku	banana.jpg	
yanjalka	beech.jpg:leaves	
yankirri	emu.jpg	
yantarlarangi	sunrise.jpg:morning	
yaparruralya	emu.jpg	
yapurnu	sunrise.jpg:lake	
yarla	sunrise.jpg:morning	
yarlarra	frog1.jpg:frog	frog2.jpg:frog	
yarranji	litspot.jpg:snake	
yarripiri	woma.jpg:python	
yarrukurlu	mdragon.jpg:lizard	ctenotus.jpg:lizard	
yawu	lungfish.jpg:fish	
yilyanypa	beech.jpg:leaves	
yimarra	acacia.jpg	
yinirntikingatinyanu	litspot.jpg:snake	
yinkarta	mdragon.jpg:lizard	ctenotus.jpg:lizard	
yinkilpa	wombat.jpg:lazy	
yintajirrki	woma.jpg:python	
yirdikanjinarri	mdragon.jpg:lizard	ctenotus.jpg:lizard	
yirrapinyi	dog.jpg	
yirrikijirni	dog.jpg	
yirripinyi	dog.jpg	
yirrpinngi	lungfish.jpg:fish	
yitakimani	dingotr.jpg:tracks	fercattr.jpg:tracks	
yukarlpi	spechare.jpg:wallaby	
yulingkingunami	wombat.jpg:lazy	
yulingkinyinami	wombat.jpg:lazy	
yulkaminyi	spechare.jpg:wallaby	
yulukutaritari	frogmouth.jpg:bird	lyrebird.jpg:bird 	emu.jpg:bird	kookaburra.jpg:bird	
yuluwayi	woma.jpg:python	
yumarimari	frog1.jpg:fat	
yungulparli	litspot.jpg:snake	woma.jpg:python	
yuntalypirri	wombat.jpg:lazy	
yuparli	banana.jpg	
yurdi	eucalyptus.jpg:branches	
yurdukuku	dog.jpg	
yurnturrkinyi	woma.jpg:python	
yurnturrkunyu	woma.jpg:python	
yurnturrngu	banana.jpg	
yurrungkuru	woma.jpg:python	
yurukurra	dingotr.jpg:tracks	fercattr.jpg:tracks	
yutajiti	sunrise.jpg:morning	
yuwurrku	bower.jpg:long grass	
