_______________ Collocations __________________________________________________
    WORD 1                      WORD 2                Occurances   Dist.  LLkly.
                                                    Pair  W1   W2
_______________________________________________________________________________
  jarri                     warrki                  130  193  217  -0.8   987.4
  nyina                     tarnnga                 208  568  725  -0.0   743.4
  paarr                     pardi                   63   137  735   1     553.9
  nyanungu                  patu                    106  229  507  1.36   490.8
  kapi                      karli                   88   727  820  0.01   487.2
  nyampu                    yirri                   137  432  424  0.67   597.6
  nyina                     yapa                    259  568  173  -0.5   582.6
  karnta                    ngarrka                 58   938  248  -0.9   385.4
  kuku                    * palupungu               60   110  146  0.8    773.3
  ngurrju                   nyina                   308  161  568  0.30   843.1
  nyina                     yika                    109  568  369  -0.3   394.9
  jarri                     nyarrpa                 58   193  172  -0.5   349.9
  kurdu                     yula                    86   180  484  0.60   408.3
  karri                     watiya                  100  161  105  -0.4   369.8
  nyina                     nyuntu                  160  568  799  -0.2   449.5
  kuyu                      marlu                   123  145  681  1.04   644.2
  kuyu                      yungu                   168  145  152  0.07   711.3
  kapu                      yani                    87   512  196  0.31   390.4
  nyina                     purlka                  143  568  659  -0.3   424.7
  ngurlu                    pirdijirri              38   467  106  0.23   344.1
  miyi                      ngarni                  61   648  515  0.72   362.3
* larritijitiji             ngati                   40   60   237  0.25   489.3
  ngarrirni                 walypali                45   508  317  -1.0   305.8
  rdirri                    yungu                   54   85   152  1.03   443.5
  jaru                      yimi                    49   257  401  -1.1   389.0
  nyanungu                  palka                   88   229  754  -0.3   300.8
  nguna                     ngurra                  136  149  967  -0.4   634.9
  ngarrirni                 nyampu                  102  508  432  -0.6   338.3
  japangardi                jungarrayi              47   197  317  -0.4   420.1
  munga                     parra                   37   289  228  0.16   305.0
  narri                     yirrijiji               18   36   21   -1.4   313.0
  lawa                      nyina                   339  128  568  0.66   1157.
  karnta                    kurdu                   94   938  180  0.94   336.5
  karlarra                  pardi                   54   444  735  0.12   309.2
  nyuntu                    wangka                  81   799  165  -0.1   304.5
  maniyi                    yinyi                   34   133  351  0.41   300.4
  karnta                    wati                    112  938  796  -0.8   627.3
  ngana                     puka                    37   157  98    1     426.7
  kuyu                      wirlinyi                113  145  611  -1.0   596.8
  jarri                     wiri                    156  193  160  -0.3   533.6
  kajika                    ngarri                  101  551  135  0.49   544.9
  jukurrpa                  nyina                   128  668  568  0.13   347.7
  ngapa                     wiri                    125  151  160  0.64   431.3
  kurlarda                  ma                      45   391  178  0.73   387.7
  jarntu                    ngarra                  44   253  299  -0.2   367.3
  ngapa                     nyina                   182  151  568  -0.3   337.0
  kilyirrpa                 purra                   52   65   121  -0.2   493.7
  kankarlu                  wapa                    51   231  802  0.54   348.2
  kajika                    yani                    84   551  196  0.22   357.8
  nguru                     wapa                    58   409  802  0.60   340.8
  kurdu                     nyina                   230  180  568  -0.5   450.5
  mani                      warlkurru               65   132  218  0.23   422.8
  wardilyka                 yankirri                34   184  228  -0.1   306.8
  japanangka                nyuntu                  93   443  799  -0.1   630.4
  pura                      yirri                   235  540  424  -0.7   2433.
  karli                     ngurrjumani             84   820  249  0.42   655.8
_______________ Collocations __________________________________________________
    WORD 1                      WORD 2                Occurances   Dist.  LLkly.
                                                    Pair  W1   W2
_______________________________________________________________________________
  jukurrpa                  ngarlkirdi              44   668  115  0.45   373.4
  janka                     warlu                   76   196  885  -0.4   606.6
  ngurra                    nyina                   152  967  568  0.04   355.0
* kirdi                     warru                   40   56   701  -1.7   407.1
  jampijinpa                jangala                 47   297  233  0.06   408.9
  jungarrayi                napangardi              43   317  197  0.46   375.1
  karri                     manyu                   76   161  177  -0.6   532.9
  paka                      watiya                  112  126  105  -0.0   494.6
* boy                       ji                      48   150  455  0.87   425.1
  karinganta                ngurrju                 66   171  161  0.46   444.4
  nyampu                    waja                    122  432  754  0.26   351.9
  ngarra                    pinyi                   61   299  601  -0.0   443.1
  nyampu                    wangkami                111  432  292  0.48   526.2
  nyina                     yirdi                   138  568  691  0.07   386.5
  kukurnu                   papardi                 39   73   159  -0.7   485.3
  ngayi                   * yirripura               98   112  151  1.75   877.5
  jurnta                  * panturnu                57   434  901  0.28   312.2
  nyampu                    nyina                   593  432  568  0.00   1269.
  nyanungu                  nyina                   424  229  568  -0.2   1139.
  jinta                     kari                    118  996  924  0.67   623.0
  japaljarri                japanangka              89   429  443  0.01   713.4
  nyampu                    watiya                  141  432  105  0.43   355.7
  kari                      ngurrara                43   924  157  -0.2   301.8
  pina                      yani                    126  976  196  0.39   496.2
  jarlu                     ngawu                   34   160  193  -0.5   329.7
  karri                     nyampu                  205  161  432  -0.2   499.5
  rdirri                    yarda                   40   85   611  -0.4   368.1
  kirli                     kurlu                   41   204  371  -0.3   336.1
  japanangka              * yirripura               43   443  151  -0.6   370.8
  nyanyi                    purda                   75   596  508  -0.7   495.2
  kapi                      ngurrjumani             57   727  249  0.28   405.8
  pakarni                   yarda                   60   512  611  -0.9   362.2
  ngarrirni                 yimi                    94   508  401  -0.6   752.0
  ngayi                     yirri                   123  112  424  1.39   841.1
  ngaka                     wuraji                  56   602  295  1.89   397.2
  ngulajangka               pina                    91   144  976  1.13   351.4
  ngaju                     nyuntu                  83   126  799  -0.1   359.6
  nyina                     wurnturu                106  568  506  -0.2   306.6
  purami                    yirri                   154  700  424  -0.9   1298.
  nyampu                    pura                    116  432  540  0.63   401.3
  kapurdu                   yakajirri               46   271  247  -0.6   401.1
  kurdu                     yungu                   113  180  152  0.16   339.2
  wiri                      wita                    224  160  152  -0.0   1045.
  wapa                      warru                   96   802  701  -0.1   561.8
  wanakiji                  yarla                   48   100  398  -0.1   488.1
  parru                     wala                    56   62   70   -0.5   946.0
  ngarru                    yimi                    104  448  401  -1.0   887.7
  warlu                   * yarrpurnu               71   885  106  1.22   675.9
  jaja                      mirntirdi               26   165  35   -0.0   346.3
  kari                      parra                   68   924  228  -0.4   492.7
  rduul                     yakardu                 24   55   21   -1.8   363.8
  nyampu                    nyuntu                  141  432  799  -0.1   431.6
  ngarlarri                 yinka                   20   45   31   -0.9   316.0
  jamparli                * kantuwarra              21   56   21   -0.3   362.9
  japanangka                nyampu                  105  443  432  0.27   384.9
  nyina                     palka                   172  568  754  -0.0   529.4
_______________ Collocations __________________________________________________
    WORD 1                      WORD 2                Occurances   Dist.  LLkly.
                                                    Pair  W1   W2
_______________________________________________________________________________
  ngarni                    pama                    40   515  137  -0.8   334.5
* pungu                     wajirli                 186  113  212  -0.4   1887.
  jakamarra                 jampijinpa              36   156  297  -0.1   322.6
  miyi                      yakajirri               63   648  247  0.31   479.6
  panu                      yapa                    148  943  173  -0.1   680.0
  pakarni                   watiya                  63   512  105  -0.0   317.3
  milya                     pinyi                   59   103  601   1     579.6
  wirlinyi                  yani                    144  611  196  0.04   752.0
  nyampu                    wangka                  237  432  165  0.22   631.5
  jinta                     ngarri                  86   996  135  0.05   329.7
  jarri                     ngulajangka             112  193  144  -0.3   331.1
  kakarrara                 karlarra                43   303  444  0.06   304.0
  kardiya                   yapa                    69   320  173  0.33   360.9
  kurlarda                  pikirri                 52   391  116  0.78   521.8
  jalangu                   nyampu                  111  472  432  -0.6   405.2
  jaru                      nyampu                  109  257  432  -0.1   546.2
  kanti                     nyiya                   140  239  481  -1.4   1478.
  jirrima                   ngarri                  44   111  135  -0.7   313.8
  purlapurla                wiinywiinypa            29   60   57   0.37   422.6
  miyi                      yarla                   79   648  398  0.92   558.9
  palu                    * pungulpapala            29   99   20   0.06   318.5
  yakajirri                 yarla                   65   247  398   0     567.2
  ngayi                     nyuntu                  88   112  799  0.97   414.1
  nyina                     warlpiri                92   568  322  0.07   326.3
  nyampu                    yapa                    166  432  173  0.43   316.7
  patu                      wati                    58   507  796  -0.9   315.6
* larritijitiji             nyiya                   40   60   481  -0.7   429.0
  ngari                     nyina                   118  646  568  -0.0   309.2
  kapi                      yani                    120  727  196  -0.1   533.1
  pantirni                  wawirri                 49   267  213  -0.1   452.6
  jukurrpa                  nyampu                  161  668  432  -0.5   597.9
  jarda                     nguna                   65   175  149  0.47   441.7
  kajika                    kajilpa                 56   551  326  -1.1   395.3
  wanakiji                  yakajirri               49   100  247  -0.7   552.0
  jurnta                    parnka                  58   434  101  0.34   306.3
  nyampu                    yimi                    98   432  401  0.35   365.6
  ji                      * storm                   48   455  142  -1.5   431.4
  jaji                      ngatinyanu              35   158  214  -0.2   334.9
  walypali                  yapa                    61   317  173  0.52   303.7
  japaljarri                pakarni                 58   429  512  0.89   388.7
  mirntirdi                 ngarri                  32   35   135  0.53   315.4
  jurnta                    larra                   58   434  201  -0.1   506.6
  jarri                     lani                    63   193  201  -0.2   369.3
  ngaju                     nyina                   242  126  568  0.30   659.1
  lungkarda                 warrarna                29   146  75   0.06   339.1
  nampijinpa                nangala                 28   74   163  -1.5   318.9
  ngapa                     wanti                   117  151  650  1.15   602.5
  kajika                    marda                   76   551  141  -0.1   356.7
  kapi                      pinyi                   118  727  601  0.62   810.3
  ngurra                    pina                    110  967  976  -0.7   558.0
  kuyu                      miyi                    79   145  648  -0.4   346.4
  nyampu                  * yirripura               78   432  151  -0.6   430.8
  ngaju                     nyampu                  150  126  432  0.44   343.4
  japaljarri                jungarrayi              79   429  317  0.81   669.5
  marda                     ngurrju                 105  141  161  -0.3   338.0
  ngampurrpa                nyina                   61   98   568  0.26   336.4
_______________ Collocations __________________________________________________
    WORD 1                      WORD 2                Occurances   Dist.  LLkly.
                                                    Pair  W1   W2
_______________________________________________________________________________
  mala                      pakuru                  32   104  97   0.53   387.6
  jarri                   * live                    34   193  35   -1.0   323.5
  kurdu                     wiri                    109  180  160  0.81   309.8
  kurdu                     wita                    185  180  152  0.68   741.3
* kanpa                     nyuntu                  67   254  799  -0.0   486.4
  pardi                     yakarra                 80   735  152  -0.8   735.0
  kaninjarra                yuka                    61   264  635  -0.0   453.0
  jarri                     palka                   109  193  754  -0.4   456.9
  nyanungu                  wangka                  169  229  165  -0.0   538.2
  kapurdu                 * panturnu                103  271  901  -0.9   816.4
  kari                      yapa                    141  924  173  -0.4   639.0
  nyina                     wiri                    304  568  160  -0.3   827.8
  nyina                     wita                    279  568  152  0.16   737.8
  karlaja                   yarla                   91   438  398  -1.3   752.1
  kurdu                     ngaju                   134  180  126  0.13   496.4
  nyina                     panu                    197  568  943  -0.5   571.4
  karnta                    ngaju                   78   938  126  -0.0   303.0
  pakarni                   warlkurru               45   512  218  0.51   341.7
  muku                      yuka                    56   583  635  0.94   310.2
  palu                      pinja                   44   99   252  0.88   481.2
* nganturnu                 yujuku                  37   106  236  -0.6   386.0
  kurra                     pina                    82   938  976  -1.2   369.6
  jarntu                    karli                   51   253  820  -0.2   335.6
  nyina                     pina                    142  568  976  -0.0   310.8
  japaljarri                japangardi              43   429  197  0.02   347.5
  jarri                     maju                    82   193  331  -0.3   437.3
  nguna                     nyampu                  155  149  432  -0.3   318.7
* nnn                       yapajayi                20   26   37    0     339.0
  jukurrpa                  yirri                   60   668  424  0.08   375.0
  purra                     warlu                   110  121  885  -0.4   529.6
  ngayi                     nyina                   179  112  568  -0.3   424.3
  wardarrka                 watiya                  52   99   105  0.30   437.0
  kari                      nganta                  76   924  495  1.07   439.1
  ngurrju                   nyampu                  178  161  432  0.00   386.1
* pungu                     puyu                    125  113  142  -0.4   1263.
  pardi                     wilypi                  60   735  188  -0.7   472.2
  purra                     yampi                   47   121  167  2.06   307.3
  ngayi                     nyampu                  164  112  432  0.59   442.3
  pardi                     rduul                   41   735  55   -0.6   419.6
  pangurnu                  pili                    32   472  43   0.15   356.0
  mutu                    * no                      36   119  187  -0.7   381.3
  ngurra                    nyanungu                112  967  229  0.44   382.2
  marda                     nyampu                  157  141  432  0.13   341.6
  ngurra                    yani                    126  967  196  -0.2   498.6
  mutu                      yawulyu                 31   119  101  -0.7   359.9
  patu                      yapa                    88   507  173  -0.6   420.1
  ngaju                     yani                    111  126  196  0.16   350.9
  nyina                     nyurruwiyi              129  568  344  -0.6   538.6
  kurdu                     nyampu                  177  180  432  -0.1   346.4
  manangkarra               manja                   33   190  131  -0.6   333.7
  ngurlu                  * yurrparnu               49   467  359  0.32   337.9
  ngawarra                  parnka                  57   119  101  0.56   469.4
  jirrima                   yirdi                   39   111  691  -0.3   319.7
  marlu                   * panturnu                110  681  901  0.66   657.4
  wangka                    yimi                    68   165  401  0.17   326.8
  nyuntu                  * yirripura               65   799  151  -0.2   549.1
_______________ Collocations __________________________________________________
    WORD 1                      WORD 2                Occurances   Dist.  LLkly.
                                                    Pair  W1   W2
_______________________________________________________________________________
  kanyi                     ngurra                  58   392  967  1.05   324.0
